<?xml version="1.0" encoding="UTF-8" ?>
<testsuite tests="4" failures="0" name="sale.prassiTest" time="3.48" errors="0" skipped="0">
  <properties>
[...]
</properties>
  <testcase classname="sale.prassiTest" name="noAnnotations" time="2.85"/>
  <testcase classname="sale.prassiTest" name="singleAnnotationCaseInsensitive" time="0.223"/>
  <testcase classname="sale.prassiTest" name="singleAnnotationCaseSensitive" time="0.208"/>
  <testcase classname="sale.prassiTest" name="noAnnotationsCaseSensitive" time="0.199"/>
</testsuite>